<?xml version="1.0" encoding="UTF-8"?>
<coverage generated="1572449400725" clover="3.2.0">
  <project timestamp="1572449400725" name="All files">
    <metrics statements="134" coveredstatements="124" conditionals="64" coveredconditionals="55" methods="39" coveredmethods="37" elements="237" coveredelements="216" complexity="0" loc="134" ncloc="134" packages="6" files="22" classes="22"/>
    <package name="src">
      <metrics statements="6" coveredstatements="5" conditionals="3" coveredconditionals="3" methods="2" coveredmethods="2"/>
      <file name="App.js" path="/Users/wayneli/Desktop/quantas challenge/wayne-coding/src/App.js">
        <metrics statements="1" coveredstatements="1" conditionals="0" coveredconditionals="0" methods="1" coveredmethods="1"/>
        <line num="10" count="1" type="stmt"/>
      </file>
      <file name="configureStore.js" path="/Users/wayneli/Desktop/quantas challenge/wayne-coding/src/configureStore.js">
        <metrics statements="4" coveredstatements="4" conditionals="3" coveredconditionals="3" methods="1" coveredmethods="1"/>
        <line num="5" count="3" type="cond" truecount="1" falsecount="0"/>
        <line num="6" count="8" type="cond" truecount="2" falsecount="0"/>
        <line num="7" count="8" type="stmt"/>
        <line num="12" count="8" type="stmt"/>
      </file>
      <file name="index.js" path="/Users/wayneli/Desktop/quantas challenge/wayne-coding/src/index.js">
        <metrics statements="1" coveredstatements="0" conditionals="0" coveredconditionals="0" methods="0" coveredmethods="0"/>
        <line num="5" count="0" type="stmt"/>
      </file>
    </package>
    <package name="src.actions">
      <metrics statements="16" coveredstatements="15" conditionals="4" coveredconditionals="3" methods="3" coveredmethods="3"/>
      <file name="index.js" path="/Users/wayneli/Desktop/quantas challenge/wayne-coding/src/actions/index.js">
        <metrics statements="12" coveredstatements="11" conditionals="4" coveredconditionals="3" methods="3" coveredmethods="3"/>
        <line num="8" count="4" type="stmt"/>
        <line num="9" count="4" type="stmt"/>
        <line num="10" count="4" type="stmt"/>
        <line num="13" count="4" type="stmt"/>
        <line num="17" count="3" type="cond" truecount="1" falsecount="1"/>
        <line num="18" count="3" type="stmt"/>
        <line num="23" count="0" type="stmt"/>
        <line num="30" count="1" type="stmt"/>
        <line num="37" count="3" type="stmt"/>
        <line num="38" count="2" type="cond" truecount="2" falsecount="0"/>
        <line num="39" count="1" type="stmt"/>
        <line num="41" count="2" type="stmt"/>
      </file>
      <file name="types.js" path="/Users/wayneli/Desktop/quantas challenge/wayne-coding/src/actions/types.js">
        <metrics statements="4" coveredstatements="4" conditionals="0" coveredconditionals="0" methods="0" coveredmethods="0"/>
        <line num="2" count="8" type="stmt"/>
        <line num="3" count="8" type="stmt"/>
        <line num="4" count="8" type="stmt"/>
        <line num="5" count="8" type="stmt"/>
      </file>
    </package>
    <package name="src.pages">
      <metrics statements="49" coveredstatements="45" conditionals="25" coveredconditionals="22" methods="13" coveredmethods="12"/>
      <file name="DetailsPage.js" path="/Users/wayneli/Desktop/quantas challenge/wayne-coding/src/pages/DetailsPage.js">
        <metrics statements="20" coveredstatements="18" conditionals="15" coveredconditionals="14" methods="3" coveredmethods="3"/>
        <line num="12" count="4" type="cond" truecount="4" falsecount="0"/>
        <line num="13" count="2" type="stmt"/>
        <line num="14" count="2" type="cond" truecount="1" falsecount="1"/>
        <line num="15" count="2" type="stmt"/>
        <line num="22" count="0" type="stmt"/>
        <line num="25" count="0" type="stmt"/>
        <line num="32" count="2" type="stmt"/>
        <line num="38" count="2" type="stmt"/>
        <line num="39" count="2" type="stmt"/>
        <line num="40" count="2" type="cond" truecount="4" falsecount="0"/>
        <line num="41" count="1" type="stmt"/>
        <line num="47" count="1" type="stmt"/>
        <line num="48" count="1" type="stmt"/>
        <line num="51" count="2" type="stmt"/>
        <line num="53" count="2" type="stmt"/>
        <line num="69" count="1" type="stmt"/>
        <line num="70" count="1" type="stmt"/>
        <line num="78" count="2" type="stmt"/>
        <line num="89" count="3" type="stmt"/>
        <line num="90" count="6" type="stmt"/>
      </file>
      <file name="MasterPage.js" path="/Users/wayneli/Desktop/quantas challenge/wayne-coding/src/pages/MasterPage.js">
        <metrics statements="29" coveredstatements="27" conditionals="10" coveredconditionals="8" methods="10" coveredmethods="9"/>
        <line num="13" count="5" type="stmt"/>
        <line num="20" count="5" type="stmt"/>
        <line num="21" count="5" type="stmt"/>
        <line num="22" count="5" type="stmt"/>
        <line num="24" count="0" type="stmt"/>
        <line num="29" count="14" type="stmt"/>
        <line num="30" count="14" type="cond" truecount="2" falsecount="0"/>
        <line num="31" count="3" type="stmt"/>
        <line num="32" count="3" type="stmt"/>
        <line num="38" count="5" type="stmt"/>
        <line num="39" count="1" type="stmt"/>
        <line num="40" count="1" type="stmt"/>
        <line num="44" count="1" type="stmt"/>
        <line num="50" count="5" type="stmt"/>
        <line num="51" count="1" type="stmt"/>
        <line num="55" count="5" type="stmt"/>
        <line num="56" count="18" type="stmt"/>
        <line num="57" count="18" type="stmt"/>
        <line num="58" count="18" type="stmt"/>
        <line num="59" count="5" type="stmt"/>
        <line num="73" count="19" type="stmt"/>
        <line num="74" count="19" type="stmt"/>
        <line num="75" count="19" type="cond" truecount="1" falsecount="1"/>
        <line num="76" count="19" type="cond" truecount="1" falsecount="1"/>
        <line num="77" count="19" type="stmt"/>
        <line num="92" count="0" type="stmt"/>
        <line num="110" count="4" type="stmt"/>
        <line num="119" count="2" type="stmt"/>
        <line num="120" count="12" type="stmt"/>
      </file>
      <file name="index.js" path="/Users/wayneli/Desktop/quantas challenge/wayne-coding/src/pages/index.js">
        <metrics statements="0" coveredstatements="0" conditionals="0" coveredconditionals="0" methods="0" coveredmethods="0"/>
      </file>
    </package>
    <package name="src.reducers">
      <metrics statements="13" coveredstatements="13" conditionals="14" coveredconditionals="14" methods="4" coveredmethods="4"/>
      <file name="airports.js" path="/Users/wayneli/Desktop/quantas challenge/wayne-coding/src/reducers/airports.js">
        <metrics statements="3" coveredstatements="3" conditionals="3" coveredconditionals="3" methods="1" coveredmethods="1"/>
        <line num="3" count="24" type="cond" truecount="2" falsecount="0"/>
        <line num="5" count="4" type="stmt"/>
        <line num="7" count="20" type="stmt"/>
      </file>
      <file name="details.js" path="/Users/wayneli/Desktop/quantas challenge/wayne-coding/src/reducers/details.js">
        <metrics statements="3" coveredstatements="3" conditionals="3" coveredconditionals="3" methods="1" coveredmethods="1"/>
        <line num="3" count="24" type="cond" truecount="2" falsecount="0"/>
        <line num="5" count="1" type="stmt"/>
        <line num="7" count="23" type="stmt"/>
      </file>
      <file name="errorStatus.js" path="/Users/wayneli/Desktop/quantas challenge/wayne-coding/src/reducers/errorStatus.js">
        <metrics statements="3" coveredstatements="3" conditionals="3" coveredconditionals="3" methods="1" coveredmethods="1"/>
        <line num="3" count="24" type="cond" truecount="2" falsecount="0"/>
        <line num="5" count="2" type="stmt"/>
        <line num="10" count="22" type="stmt"/>
      </file>
      <file name="index.js" path="/Users/wayneli/Desktop/quantas challenge/wayne-coding/src/reducers/index.js">
        <metrics statements="0" coveredstatements="0" conditionals="0" coveredconditionals="0" methods="0" coveredmethods="0"/>
      </file>
      <file name="loading.js" path="/Users/wayneli/Desktop/quantas challenge/wayne-coding/src/reducers/loading.js">
        <metrics statements="4" coveredstatements="4" conditionals="5" coveredconditionals="5" methods="1" coveredmethods="1"/>
        <line num="7" count="26" type="cond" truecount="4" falsecount="0"/>
        <line num="9" count="5" type="stmt"/>
        <line num="12" count="6" type="stmt"/>
        <line num="14" count="15" type="stmt"/>
      </file>
    </package>
    <package name="src.ui">
      <metrics statements="27" coveredstatements="26" conditionals="8" coveredconditionals="7" methods="14" coveredmethods="13"/>
      <file name="AirportBrief.js" path="/Users/wayneli/Desktop/quantas challenge/wayne-coding/src/ui/AirportBrief.js">
        <metrics statements="3" coveredstatements="3" conditionals="0" coveredconditionals="0" methods="2" coveredmethods="2"/>
        <line num="6" count="8" type="stmt"/>
        <line num="14" count="1" type="stmt"/>
        <line num="15" count="1" type="stmt"/>
      </file>
      <file name="DisplayTime.js" path="/Users/wayneli/Desktop/quantas challenge/wayne-coding/src/ui/DisplayTime.js">
        <metrics statements="13" coveredstatements="13" conditionals="6" coveredconditionals="5" methods="6" coveredmethods="6"/>
        <line num="6" count="3" type="stmt"/>
        <line num="10" count="5" type="cond" truecount="2" falsecount="0"/>
        <line num="11" count="1" type="stmt"/>
        <line num="15" count="3" type="stmt"/>
        <line num="18" count="2" type="cond" truecount="1" falsecount="1"/>
        <line num="19" count="2" type="stmt"/>
        <line num="23" count="3" type="stmt"/>
        <line num="24" count="6" type="stmt"/>
        <line num="25" count="6" type="cond" truecount="2" falsecount="0"/>
        <line num="26" count="6" type="stmt"/>
        <line num="27" count="4" type="stmt"/>
        <line num="30" count="4" type="stmt"/>
        <line num="37" count="8" type="stmt"/>
      </file>
      <file name="ErrorBoundary.js" path="/Users/wayneli/Desktop/quantas challenge/wayne-coding/src/ui/ErrorBoundary.js">
        <metrics statements="7" coveredstatements="7" conditionals="2" coveredconditionals="2" methods="4" coveredmethods="4"/>
        <line num="5" count="1" type="stmt"/>
        <line num="6" count="1" type="stmt"/>
        <line num="10" count="1" type="stmt"/>
        <line num="14" count="1" type="stmt"/>
        <line num="18" count="2" type="cond" truecount="2" falsecount="0"/>
        <line num="19" count="1" type="stmt"/>
        <line num="24" count="1" type="stmt"/>
      </file>
      <file name="ErrorContent.js" path="/Users/wayneli/Desktop/quantas challenge/wayne-coding/src/ui/ErrorContent.js">
        <metrics statements="2" coveredstatements="2" conditionals="0" coveredconditionals="0" methods="1" coveredmethods="1"/>
        <line num="4" count="5" type="stmt"/>
        <line num="5" count="5" type="stmt"/>
      </file>
      <file name="MapComponent.js" path="/Users/wayneli/Desktop/quantas challenge/wayne-coding/src/ui/MapComponent.js">
        <metrics statements="2" coveredstatements="1" conditionals="0" coveredconditionals="0" methods="1" coveredmethods="0"/>
        <line num="10" count="4" type="stmt"/>
        <line num="21" count="0" type="stmt"/>
      </file>
    </package>
    <package name="src.utils">
      <metrics statements="23" coveredstatements="20" conditionals="10" coveredconditionals="6" methods="3" coveredmethods="3"/>
      <file name="getCurrency.js" path="/Users/wayneli/Desktop/quantas challenge/wayne-coding/src/utils/getCurrency.js">
        <metrics statements="4" coveredstatements="3" conditionals="2" coveredconditionals="1" methods="1" coveredmethods="1"/>
        <line num="5" count="3" type="cond" truecount="1" falsecount="1"/>
        <line num="6" count="3" type="stmt"/>
        <line num="7" count="3" type="stmt"/>
        <line num="11" count="0" type="stmt"/>
      </file>
      <file name="getLocation.js" path="/Users/wayneli/Desktop/quantas challenge/wayne-coding/src/utils/getLocation.js">
        <metrics statements="14" coveredstatements="12" conditionals="6" coveredconditionals="4" methods="1" coveredmethods="1"/>
        <line num="8" count="3" type="stmt"/>
        <line num="10" count="3" type="cond" truecount="2" falsecount="1"/>
        <line num="12" count="2" type="stmt"/>
        <line num="13" count="2" type="stmt"/>
        <line num="15" count="1" type="stmt"/>
        <line num="16" count="1" type="stmt"/>
        <line num="18" count="0" type="stmt"/>
        <line num="20" count="3" type="cond" truecount="2" falsecount="1"/>
        <line num="22" count="2" type="stmt"/>
        <line num="23" count="2" type="stmt"/>
        <line num="25" count="1" type="stmt"/>
        <line num="26" count="1" type="stmt"/>
        <line num="28" count="0" type="stmt"/>
        <line num="30" count="3" type="stmt"/>
      </file>
      <file name="isEmpty.js" path="/Users/wayneli/Desktop/quantas challenge/wayne-coding/src/utils/isEmpty.js">
        <metrics statements="4" coveredstatements="4" conditionals="2" coveredconditionals="1" methods="1" coveredmethods="1"/>
        <line num="2" count="8" type="stmt"/>
        <line num="3" count="5" type="cond" truecount="1" falsecount="1"/>
        <line num="4" count="5" type="stmt"/>
        <line num="6" count="3" type="stmt"/>
      </file>
      <file name="mockData.js" path="/Users/wayneli/Desktop/quantas challenge/wayne-coding/src/utils/mockData.js">
        <metrics statements="1" coveredstatements="1" conditionals="0" coveredconditionals="0" methods="0" coveredmethods="0"/>
        <line num="1" count="8" type="stmt"/>
      </file>
    </package>
  </project>
</coverage>
