{"/Users/wayneli/Desktop/quantas challenge/wayne-coding/src/App.js": {"path":"/Users/wayneli/Desktop/quantas challenge/wayne-coding/src/App.js","statementMap":{"0":{"start":{"line":10,"column":2},"end":{"line":18,"column":4}}},"fnMap":{"0":{"name":"App","decl":{"start":{"line":9,"column":9},"end":{"line":9,"column":12}},"loc":{"start":{"line":9,"column":15},"end":{"line":19,"column":1}},"line":9}},"branchMap":{},"s":{"0":1},"f":{"0":1},"b":{},"_coverageSchema":"43e27e138ebf9cfc5966b082cf9a028302ed4184","hash":"1fa7db8b69f45ad3d4e6e2cd9974b3329dbb464a"}
,"/Users/wayneli/Desktop/quantas challenge/wayne-coding/src/configureStore.js": {"path":"/Users/wayneli/Desktop/quantas challenge/wayne-coding/src/configureStore.js","statementMap":{"0":{"start":{"line":5,"column":24},"end":{"line":13,"column":1}},"1":{"start":{"line":6,"column":29},"end":{"line":6,"column":83}},"2":{"start":{"line":7,"column":18},"end":{"line":11,"column":5}},"3":{"start":{"line":12,"column":4},"end":{"line":12,"column":17}}},"fnMap":{"0":{"name":"(anonymous_0)","decl":{"start":{"line":5,"column":24},"end":{"line":5,"column":25}},"loc":{"start":{"line":5,"column":48},"end":{"line":13,"column":1}},"line":5}},"branchMap":{"0":{"loc":{"start":{"line":5,"column":25},"end":{"line":5,"column":41}},"type":"default-arg","locations":[{"start":{"line":5,"column":39},"end":{"line":5,"column":41}}],"line":5},"1":{"loc":{"start":{"line":6,"column":29},"end":{"line":6,"column":83}},"type":"binary-expr","locations":[{"start":{"line":6,"column":29},"end":{"line":6,"column":72}},{"start":{"line":6,"column":76},"end":{"line":6,"column":83}}],"line":6}},"s":{"0":3,"1":8,"2":8,"3":8},"f":{"0":8},"b":{"0":[5],"1":[8,8]},"_coverageSchema":"43e27e138ebf9cfc5966b082cf9a028302ed4184","hash":"a3fae603cd6743946859bf3f612ecc2f91c97685"}
,"/Users/wayneli/Desktop/quantas challenge/wayne-coding/src/index.js": {"path":"/Users/wayneli/Desktop/quantas challenge/wayne-coding/src/index.js","statementMap":{"0":{"start":{"line":5,"column":0},"end":{"line":5,"column":58}}},"fnMap":{},"branchMap":{},"s":{"0":0},"f":{},"b":{},"hash":"b2b0481a5e6795d9885971ae0012b45c5d42ee54"}
,"/Users/wayneli/Desktop/quantas challenge/wayne-coding/src/actions/index.js": {"path":"/Users/wayneli/Desktop/quantas challenge/wayne-coding/src/actions/index.js","statementMap":{"0":{"start":{"line":8,"column":29},"end":{"line":35,"column":1}},"1":{"start":{"line":8,"column":35},"end":{"line":35,"column":1}},"2":{"start":{"line":9,"column":2},"end":{"line":34,"column":3}},"3":{"start":{"line":10,"column":4},"end":{"line":12,"column":7}},"4":{"start":{"line":13,"column":20},"end":{"line":15,"column":5}},"5":{"start":{"line":17,"column":4},"end":{"line":27,"column":5}},"6":{"start":{"line":18,"column":6},"end":{"line":21,"column":9}},"7":{"start":{"line":23,"column":6},"end":{"line":26,"column":9}},"8":{"start":{"line":30,"column":4},"end":{"line":33,"column":7}},"9":{"start":{"line":37,"column":29},"end":{"line":45,"column":1}},"10":{"start":{"line":38,"column":2},"end":{"line":40,"column":3}},"11":{"start":{"line":39,"column":4},"end":{"line":39,"column":68}},"12":{"start":{"line":41,"column":2},"end":{"line":44,"column":3}}},"fnMap":{"0":{"name":"(anonymous_0)","decl":{"start":{"line":8,"column":29},"end":{"line":8,"column":30}},"loc":{"start":{"line":8,"column":35},"end":{"line":35,"column":1}},"line":8},"1":{"name":"(anonymous_1)","decl":{"start":{"line":8,"column":35},"end":{"line":8,"column":36}},"loc":{"start":{"line":8,"column":53},"end":{"line":35,"column":1}},"line":8},"2":{"name":"(anonymous_2)","decl":{"start":{"line":37,"column":29},"end":{"line":37,"column":30}},"loc":{"start":{"line":37,"column":40},"end":{"line":45,"column":1}},"line":37}},"branchMap":{"0":{"loc":{"start":{"line":17,"column":4},"end":{"line":27,"column":5}},"type":"if","locations":[{"start":{"line":17,"column":4},"end":{"line":27,"column":5}},{"start":{"line":17,"column":4},"end":{"line":27,"column":5}}],"line":17},"1":{"loc":{"start":{"line":38,"column":2},"end":{"line":40,"column":3}},"type":"if","locations":[{"start":{"line":38,"column":2},"end":{"line":40,"column":3}},{"start":{"line":38,"column":2},"end":{"line":40,"column":3}}],"line":38}},"s":{"0":3,"1":4,"2":4,"3":4,"4":4,"5":3,"6":3,"7":0,"8":1,"9":3,"10":2,"11":1,"12":2},"f":{"0":4,"1":4,"2":2},"b":{"0":[3,0],"1":[1,1]},"_coverageSchema":"43e27e138ebf9cfc5966b082cf9a028302ed4184","hash":"facf6b43d2f76176632fd8522bc850ffbeadb52c"}
,"/Users/wayneli/Desktop/quantas challenge/wayne-coding/src/actions/types.js": {"path":"/Users/wayneli/Desktop/quantas challenge/wayne-coding/src/actions/types.js","statementMap":{"0":{"start":{"line":2,"column":36},"end":{"line":2,"column":58}},"1":{"start":{"line":3,"column":38},"end":{"line":3,"column":62}},"2":{"start":{"line":4,"column":38},"end":{"line":4,"column":62}},"3":{"start":{"line":5,"column":31},"end":{"line":5,"column":47}}},"fnMap":{},"branchMap":{},"s":{"0":8,"1":8,"2":8,"3":8},"f":{},"b":{},"_coverageSchema":"43e27e138ebf9cfc5966b082cf9a028302ed4184","hash":"81310f2813f5fc155f23c77aae790ffef271202d"}
,"/Users/wayneli/Desktop/quantas challenge/wayne-coding/src/pages/DetailsPage.js": {"path":"/Users/wayneli/Desktop/quantas challenge/wayne-coding/src/pages/DetailsPage.js","statementMap":{"0":{"start":{"line":12,"column":2},"end":{"line":79,"column":3}},"1":{"start":{"line":13,"column":15},"end":{"line":13,"column":17}},"2":{"start":{"line":14,"column":4},"end":{"line":31,"column":5}},"3":{"start":{"line":15,"column":6},"end":{"line":20,"column":8}},"4":{"start":{"line":22,"column":29},"end":{"line":24,"column":7}},"5":{"start":{"line":25,"column":6},"end":{"line":30,"column":8}},"6":{"start":{"line":32,"column":53},"end":{"line":32,"column":57}},"7":{"start":{"line":38,"column":8},"end":{"line":38,"column":16}},"8":{"start":{"line":39,"column":14},"end":{"line":39,"column":18}},"9":{"start":{"line":39,"column":26},"end":{"line":39,"column":30}},"10":{"start":{"line":40,"column":4},"end":{"line":49,"column":5}},"11":{"start":{"line":41,"column":23},"end":{"line":46,"column":7}},"12":{"start":{"line":47,"column":6},"end":{"line":47,"column":24}},"13":{"start":{"line":48,"column":6},"end":{"line":48,"column":24}},"14":{"start":{"line":51,"column":21},"end":{"line":51,"column":53}},"15":{"start":{"line":53,"column":4},"end":{"line":76,"column":6}},"16":{"start":{"line":69,"column":12},"end":{"line":69,"column":41}},"17":{"start":{"line":70,"column":12},"end":{"line":70,"column":30}},"18":{"start":{"line":78,"column":4},"end":{"line":78,"column":61}},"19":{"start":{"line":89,"column":24},"end":{"line":93,"column":1}},"20":{"start":{"line":90,"column":2},"end":{"line":92,"column":4}}},"fnMap":{"0":{"name":"DetailsPage","decl":{"start":{"line":11,"column":9},"end":{"line":11,"column":20}},"loc":{"start":{"line":11,"column":56},"end":{"line":80,"column":1}},"line":11},"1":{"name":"(anonymous_1)","decl":{"start":{"line":68,"column":19},"end":{"line":68,"column":20}},"loc":{"start":{"line":68,"column":25},"end":{"line":71,"column":11}},"line":68},"2":{"name":"(anonymous_2)","decl":{"start":{"line":89,"column":24},"end":{"line":89,"column":25}},"loc":{"start":{"line":89,"column":33},"end":{"line":93,"column":1}},"line":89}},"branchMap":{"0":{"loc":{"start":{"line":12,"column":2},"end":{"line":79,"column":3}},"type":"if","locations":[{"start":{"line":12,"column":2},"end":{"line":79,"column":3}},{"start":{"line":12,"column":2},"end":{"line":79,"column":3}}],"line":12},"1":{"loc":{"start":{"line":12,"column":6},"end":{"line":12,"column":54}},"type":"binary-expr","locations":[{"start":{"line":12,"column":6},"end":{"line":12,"column":23}},{"start":{"line":12,"column":27},"end":{"line":12,"column":54}}],"line":12},"2":{"loc":{"start":{"line":14,"column":4},"end":{"line":31,"column":5}},"type":"if","locations":[{"start":{"line":14,"column":4},"end":{"line":31,"column":5}},{"start":{"line":14,"column":4},"end":{"line":31,"column":5}}],"line":14},"3":{"loc":{"start":{"line":40,"column":4},"end":{"line":49,"column":5}},"type":"if","locations":[{"start":{"line":40,"column":4},"end":{"line":49,"column":5}},{"start":{"line":40,"column":4},"end":{"line":49,"column":5}}],"line":40},"4":{"loc":{"start":{"line":40,"column":8},"end":{"line":40,"column":47}},"type":"binary-expr","locations":[{"start":{"line":40,"column":8},"end":{"line":40,"column":25}},{"start":{"line":40,"column":29},"end":{"line":40,"column":47}}],"line":40},"5":{"loc":{"start":{"line":59,"column":11},"end":{"line":60,"column":75}},"type":"binary-expr","locations":[{"start":{"line":59,"column":11},"end":{"line":59,"column":19}},{"start":{"line":60,"column":12},"end":{"line":60,"column":75}}],"line":59},"6":{"loc":{"start":{"line":65,"column":9},"end":{"line":65,"column":70}},"type":"binary-expr","locations":[{"start":{"line":65,"column":9},"end":{"line":65,"column":12}},{"start":{"line":65,"column":16},"end":{"line":65,"column":19}},{"start":{"line":65,"column":23},"end":{"line":65,"column":70}}],"line":65}},"s":{"0":4,"1":2,"2":2,"3":2,"4":0,"5":0,"6":2,"7":2,"8":2,"9":2,"10":2,"11":1,"12":1,"13":1,"14":2,"15":2,"16":1,"17":1,"18":2,"19":3,"20":6},"f":{"0":4,"1":1,"2":6},"b":{"0":[2,2],"1":[4,2],"2":[2,0],"3":[1,1],"4":[2,1],"5":[2,2],"6":[2,1,1]},"_coverageSchema":"43e27e138ebf9cfc5966b082cf9a028302ed4184","hash":"8639109f479ac78fdba90258a2c2dc4f50cb4fdb"}
,"/Users/wayneli/Desktop/quantas challenge/wayne-coding/src/pages/MasterPage.js": {"path":"/Users/wayneli/Desktop/quantas challenge/wayne-coding/src/pages/MasterPage.js","statementMap":{"0":{"start":{"line":13,"column":10},"end":{"line":18,"column":3}},"1":{"start":{"line":20,"column":4},"end":{"line":25,"column":5}},"2":{"start":{"line":21,"column":32},"end":{"line":21,"column":42}},"3":{"start":{"line":22,"column":6},"end":{"line":22,"column":28}},"4":{"start":{"line":24,"column":6},"end":{"line":24,"column":34}},"5":{"start":{"line":29,"column":25},"end":{"line":29,"column":35}},"6":{"start":{"line":30,"column":4},"end":{"line":35,"column":5}},"7":{"start":{"line":31,"column":31},"end":{"line":31,"column":41}},"8":{"start":{"line":32,"column":6},"end":{"line":34,"column":9}},"9":{"start":{"line":38,"column":14},"end":{"line":48,"column":3}},"10":{"start":{"line":39,"column":29},"end":{"line":39,"column":39}},"11":{"start":{"line":40,"column":24},"end":{"line":43,"column":5}},"12":{"start":{"line":44,"column":4},"end":{"line":47,"column":7}},"13":{"start":{"line":50,"column":16},"end":{"line":54,"column":3}},"14":{"start":{"line":51,"column":4},"end":{"line":53,"column":7}},"15":{"start":{"line":55,"column":24},"end":{"line":71,"column":3}},"16":{"start":{"line":56,"column":34},"end":{"line":56,"column":44}},"17":{"start":{"line":57,"column":30},"end":{"line":57,"column":40}},"18":{"start":{"line":58,"column":4},"end":{"line":70,"column":7}},"19":{"start":{"line":59,"column":6},"end":{"line":69,"column":22}},"20":{"start":{"line":73,"column":66},"end":{"line":73,"column":76}},"21":{"start":{"line":74,"column":48},"end":{"line":74,"column":58}},"22":{"start":{"line":75,"column":19},"end":{"line":75,"column":74}},"23":{"start":{"line":76,"column":22},"end":{"line":76,"column":78}},"24":{"start":{"line":77,"column":4},"end":{"line":115,"column":6}},"25":{"start":{"line":92,"column":34},"end":{"line":92,"column":58}},"26":{"start":{"line":110,"column":14},"end":{"line":110,"column":78}},"27":{"start":{"line":119,"column":24},"end":{"line":125,"column":1}},"28":{"start":{"line":120,"column":2},"end":{"line":124,"column":4}}},"fnMap":{"0":{"name":"(anonymous_0)","decl":{"start":{"line":19,"column":2},"end":{"line":19,"column":3}},"loc":{"start":{"line":19,"column":28},"end":{"line":26,"column":3}},"line":19},"1":{"name":"(anonymous_1)","decl":{"start":{"line":28,"column":2},"end":{"line":28,"column":3}},"loc":{"start":{"line":28,"column":32},"end":{"line":36,"column":3}},"line":28},"2":{"name":"(anonymous_2)","decl":{"start":{"line":38,"column":14},"end":{"line":38,"column":15}},"loc":{"start":{"line":38,"column":20},"end":{"line":48,"column":3}},"line":38},"3":{"name":"(anonymous_3)","decl":{"start":{"line":50,"column":16},"end":{"line":50,"column":17}},"loc":{"start":{"line":50,"column":29},"end":{"line":54,"column":3}},"line":50},"4":{"name":"(anonymous_4)","decl":{"start":{"line":55,"column":24},"end":{"line":55,"column":25}},"loc":{"start":{"line":55,"column":36},"end":{"line":71,"column":3}},"line":55},"5":{"name":"(anonymous_5)","decl":{"start":{"line":58,"column":33},"end":{"line":58,"column":34}},"loc":{"start":{"line":59,"column":6},"end":{"line":69,"column":22}},"line":59},"6":{"name":"(anonymous_6)","decl":{"start":{"line":72,"column":2},"end":{"line":72,"column":3}},"loc":{"start":{"line":72,"column":11},"end":{"line":116,"column":3}},"line":72},"7":{"name":"(anonymous_7)","decl":{"start":{"line":92,"column":22},"end":{"line":92,"column":23}},"loc":{"start":{"line":92,"column":34},"end":{"line":92,"column":58}},"line":92},"8":{"name":"(anonymous_8)","decl":{"start":{"line":109,"column":20},"end":{"line":109,"column":21}},"loc":{"start":{"line":110,"column":14},"end":{"line":110,"column":78}},"line":110},"9":{"name":"(anonymous_9)","decl":{"start":{"line":119,"column":24},"end":{"line":119,"column":25}},"loc":{"start":{"line":119,"column":33},"end":{"line":125,"column":1}},"line":119}},"branchMap":{"0":{"loc":{"start":{"line":30,"column":4},"end":{"line":35,"column":5}},"type":"if","locations":[{"start":{"line":30,"column":4},"end":{"line":35,"column":5}},{"start":{"line":30,"column":4},"end":{"line":35,"column":5}}],"line":30},"1":{"loc":{"start":{"line":75,"column":19},"end":{"line":75,"column":74}},"type":"cond-expr","locations":[{"start":{"line":75,"column":60},"end":{"line":75,"column":69}},{"start":{"line":75,"column":72},"end":{"line":75,"column":74}}],"line":75},"2":{"loc":{"start":{"line":76,"column":22},"end":{"line":76,"column":78}},"type":"cond-expr","locations":[{"start":{"line":76,"column":62},"end":{"line":76,"column":73}},{"start":{"line":76,"column":76},"end":{"line":76,"column":78}}],"line":76},"3":{"loc":{"start":{"line":80,"column":11},"end":{"line":84,"column":11}},"type":"binary-expr","locations":[{"start":{"line":80,"column":11},"end":{"line":80,"column":18}},{"start":{"line":81,"column":12},"end":{"line":83,"column":18}}],"line":80},"4":{"loc":{"start":{"line":87,"column":13},"end":{"line":102,"column":13}},"type":"cond-expr","locations":[{"start":{"line":88,"column":14},"end":{"line":88,"column":64}},{"start":{"line":90,"column":14},"end":{"line":101,"column":31}}],"line":87}},"s":{"0":5,"1":5,"2":5,"3":5,"4":0,"5":14,"6":14,"7":3,"8":3,"9":5,"10":1,"11":1,"12":1,"13":5,"14":1,"15":5,"16":18,"17":18,"18":18,"19":5,"20":19,"21":19,"22":19,"23":19,"24":19,"25":0,"26":4,"27":2,"28":12},"f":{"0":5,"1":14,"2":1,"3":1,"4":18,"5":5,"6":19,"7":0,"8":4,"9":12},"b":{"0":[3,11],"1":[19,0],"2":[0,19],"3":[19,4],"4":[1,18]},"_coverageSchema":"43e27e138ebf9cfc5966b082cf9a028302ed4184","hash":"100278ef89acf63c29651ff3504ff1a3743a8195"}
,"/Users/wayneli/Desktop/quantas challenge/wayne-coding/src/pages/index.js": {"path":"/Users/wayneli/Desktop/quantas challenge/wayne-coding/src/pages/index.js","statementMap":{},"fnMap":{},"branchMap":{},"s":{},"f":{},"b":{},"_coverageSchema":"43e27e138ebf9cfc5966b082cf9a028302ed4184","hash":"90764a4b5d05d7a0369c62b9212e807e4bf62133"}
,"/Users/wayneli/Desktop/quantas challenge/wayne-coding/src/reducers/airports.js": {"path":"/Users/wayneli/Desktop/quantas challenge/wayne-coding/src/reducers/airports.js","statementMap":{"0":{"start":{"line":3,"column":4},"end":{"line":8,"column":5}},"1":{"start":{"line":5,"column":12},"end":{"line":5,"column":48}},"2":{"start":{"line":7,"column":12},"end":{"line":7,"column":25}}},"fnMap":{"0":{"name":"(anonymous_0)","decl":{"start":{"line":2,"column":15},"end":{"line":2,"column":16}},"loc":{"start":{"line":2,"column":45},"end":{"line":9,"column":1}},"line":2}},"branchMap":{"0":{"loc":{"start":{"line":2,"column":25},"end":{"line":2,"column":35}},"type":"default-arg","locations":[{"start":{"line":2,"column":33},"end":{"line":2,"column":35}}],"line":2},"1":{"loc":{"start":{"line":3,"column":4},"end":{"line":8,"column":5}},"type":"switch","locations":[{"start":{"line":4,"column":8},"end":{"line":5,"column":48}},{"start":{"line":6,"column":8},"end":{"line":7,"column":25}}],"line":3}},"s":{"0":24,"1":4,"2":20},"f":{"0":24},"b":{"0":[14],"1":[4,20]},"_coverageSchema":"43e27e138ebf9cfc5966b082cf9a028302ed4184","hash":"7ecc2dfd87e0628a8d9e402dc15d7f68e5a62edb"}
,"/Users/wayneli/Desktop/quantas challenge/wayne-coding/src/reducers/details.js": {"path":"/Users/wayneli/Desktop/quantas challenge/wayne-coding/src/reducers/details.js","statementMap":{"0":{"start":{"line":3,"column":4},"end":{"line":8,"column":5}},"1":{"start":{"line":5,"column":12},"end":{"line":5,"column":33}},"2":{"start":{"line":7,"column":12},"end":{"line":7,"column":25}}},"fnMap":{"0":{"name":"(anonymous_0)","decl":{"start":{"line":2,"column":15},"end":{"line":2,"column":16}},"loc":{"start":{"line":2,"column":45},"end":{"line":9,"column":1}},"line":2}},"branchMap":{"0":{"loc":{"start":{"line":2,"column":25},"end":{"line":2,"column":35}},"type":"default-arg","locations":[{"start":{"line":2,"column":33},"end":{"line":2,"column":35}}],"line":2},"1":{"loc":{"start":{"line":3,"column":4},"end":{"line":8,"column":5}},"type":"switch","locations":[{"start":{"line":4,"column":8},"end":{"line":5,"column":33}},{"start":{"line":6,"column":8},"end":{"line":7,"column":25}}],"line":3}},"s":{"0":24,"1":1,"2":23},"f":{"0":24},"b":{"0":[12],"1":[1,23]},"_coverageSchema":"43e27e138ebf9cfc5966b082cf9a028302ed4184","hash":"23cf24a8281e270353b74f81dd5b0ba9debb4209"}
,"/Users/wayneli/Desktop/quantas challenge/wayne-coding/src/reducers/errorStatus.js": {"path":"/Users/wayneli/Desktop/quantas challenge/wayne-coding/src/reducers/errorStatus.js","statementMap":{"0":{"start":{"line":3,"column":4},"end":{"line":11,"column":5}},"1":{"start":{"line":5,"column":12},"end":{"line":8,"column":13}},"2":{"start":{"line":10,"column":12},"end":{"line":10,"column":25}}},"fnMap":{"0":{"name":"(anonymous_0)","decl":{"start":{"line":2,"column":15},"end":{"line":2,"column":16}},"loc":{"start":{"line":2,"column":45},"end":{"line":12,"column":1}},"line":2}},"branchMap":{"0":{"loc":{"start":{"line":2,"column":25},"end":{"line":2,"column":35}},"type":"default-arg","locations":[{"start":{"line":2,"column":33},"end":{"line":2,"column":35}}],"line":2},"1":{"loc":{"start":{"line":3,"column":4},"end":{"line":11,"column":5}},"type":"switch","locations":[{"start":{"line":4,"column":8},"end":{"line":8,"column":13}},{"start":{"line":9,"column":8},"end":{"line":10,"column":25}}],"line":3}},"s":{"0":24,"1":2,"2":22},"f":{"0":24},"b":{"0":[14],"1":[2,22]},"_coverageSchema":"43e27e138ebf9cfc5966b082cf9a028302ed4184","hash":"7d7541910edca75dcaff7f291ca789beb5ba9058"}
,"/Users/wayneli/Desktop/quantas challenge/wayne-coding/src/reducers/index.js": {"path":"/Users/wayneli/Desktop/quantas challenge/wayne-coding/src/reducers/index.js","statementMap":{},"fnMap":{},"branchMap":{},"s":{},"f":{},"b":{},"_coverageSchema":"43e27e138ebf9cfc5966b082cf9a028302ed4184","hash":"145247a248d782d32467f2ca87e78dae033207b9"}
,"/Users/wayneli/Desktop/quantas challenge/wayne-coding/src/reducers/loading.js": {"path":"/Users/wayneli/Desktop/quantas challenge/wayne-coding/src/reducers/loading.js","statementMap":{"0":{"start":{"line":7,"column":2},"end":{"line":15,"column":3}},"1":{"start":{"line":9,"column":6},"end":{"line":9,"column":18}},"2":{"start":{"line":12,"column":6},"end":{"line":12,"column":19}},"3":{"start":{"line":14,"column":6},"end":{"line":14,"column":19}}},"fnMap":{"0":{"name":"(anonymous_0)","decl":{"start":{"line":6,"column":15},"end":{"line":6,"column":16}},"loc":{"start":{"line":6,"column":47},"end":{"line":16,"column":1}},"line":6}},"branchMap":{"0":{"loc":{"start":{"line":6,"column":24},"end":{"line":6,"column":37}},"type":"default-arg","locations":[{"start":{"line":6,"column":32},"end":{"line":6,"column":37}}],"line":6},"1":{"loc":{"start":{"line":7,"column":2},"end":{"line":15,"column":3}},"type":"switch","locations":[{"start":{"line":8,"column":4},"end":{"line":9,"column":18}},{"start":{"line":10,"column":4},"end":{"line":10,"column":32}},{"start":{"line":11,"column":4},"end":{"line":12,"column":19}},{"start":{"line":13,"column":4},"end":{"line":14,"column":19}}],"line":7}},"s":{"0":26,"1":5,"2":6,"3":15},"f":{"0":26},"b":{"0":[14],"1":[5,4,6,15]},"_coverageSchema":"43e27e138ebf9cfc5966b082cf9a028302ed4184","hash":"a88743decf8203a5706282153bcbcde2bd8c9d8f"}
,"/Users/wayneli/Desktop/quantas challenge/wayne-coding/src/ui/AirportBrief.js": {"path":"/Users/wayneli/Desktop/quantas challenge/wayne-coding/src/ui/AirportBrief.js","statementMap":{"0":{"start":{"line":6,"column":2},"end":{"line":19,"column":4}},"1":{"start":{"line":14,"column":10},"end":{"line":14,"column":33}},"2":{"start":{"line":15,"column":10},"end":{"line":15,"column":37}}},"fnMap":{"0":{"name":"AirportBrief","decl":{"start":{"line":5,"column":24},"end":{"line":5,"column":36}},"loc":{"start":{"line":5,"column":76},"end":{"line":20,"column":1}},"line":5},"1":{"name":"(anonymous_1)","decl":{"start":{"line":13,"column":23},"end":{"line":13,"column":24}},"loc":{"start":{"line":13,"column":29},"end":{"line":16,"column":9}},"line":13}},"branchMap":{},"s":{"0":8,"1":1,"2":1},"f":{"0":8,"1":1},"b":{},"_coverageSchema":"43e27e138ebf9cfc5966b082cf9a028302ed4184","hash":"cdef04914daa279a5329102643354b1dbfe22101"}
,"/Users/wayneli/Desktop/quantas challenge/wayne-coding/src/ui/DisplayTime.js": {"path":"/Users/wayneli/Desktop/quantas challenge/wayne-coding/src/ui/DisplayTime.js","statementMap":{"0":{"start":{"line":6,"column":10},"end":{"line":8,"column":3}},"1":{"start":{"line":10,"column":4},"end":{"line":12,"column":5}},"2":{"start":{"line":11,"column":6},"end":{"line":11,"column":24}},"3":{"start":{"line":15,"column":4},"end":{"line":15,"column":22}},"4":{"start":{"line":18,"column":4},"end":{"line":20,"column":5}},"5":{"start":{"line":19,"column":6},"end":{"line":19,"column":31}},"6":{"start":{"line":23,"column":15},"end":{"line":34,"column":3}},"7":{"start":{"line":24,"column":29},"end":{"line":24,"column":39}},"8":{"start":{"line":25,"column":4},"end":{"line":25,"column":46}},"9":{"start":{"line":25,"column":20},"end":{"line":25,"column":45}},"10":{"start":{"line":26,"column":4},"end":{"line":33,"column":13}},"11":{"start":{"line":27,"column":23},"end":{"line":29,"column":40}},"12":{"start":{"line":30,"column":6},"end":{"line":32,"column":8}},"13":{"start":{"line":37,"column":4},"end":{"line":37,"column":46}}},"fnMap":{"0":{"name":"(anonymous_0)","decl":{"start":{"line":9,"column":2},"end":{"line":9,"column":3}},"loc":{"start":{"line":9,"column":43},"end":{"line":13,"column":3}},"line":9},"1":{"name":"(anonymous_1)","decl":{"start":{"line":14,"column":2},"end":{"line":14,"column":3}},"loc":{"start":{"line":14,"column":22},"end":{"line":16,"column":3}},"line":14},"2":{"name":"(anonymous_2)","decl":{"start":{"line":17,"column":2},"end":{"line":17,"column":3}},"loc":{"start":{"line":17,"column":25},"end":{"line":21,"column":3}},"line":17},"3":{"name":"(anonymous_3)","decl":{"start":{"line":23,"column":15},"end":{"line":23,"column":16}},"loc":{"start":{"line":23,"column":21},"end":{"line":34,"column":3}},"line":23},"4":{"name":"(anonymous_4)","decl":{"start":{"line":26,"column":29},"end":{"line":26,"column":30}},"loc":{"start":{"line":26,"column":35},"end":{"line":33,"column":5}},"line":26},"5":{"name":"(anonymous_5)","decl":{"start":{"line":36,"column":2},"end":{"line":36,"column":3}},"loc":{"start":{"line":36,"column":11},"end":{"line":38,"column":3}},"line":36}},"branchMap":{"0":{"loc":{"start":{"line":10,"column":4},"end":{"line":12,"column":5}},"type":"if","locations":[{"start":{"line":10,"column":4},"end":{"line":12,"column":5}},{"start":{"line":10,"column":4},"end":{"line":12,"column":5}}],"line":10},"1":{"loc":{"start":{"line":18,"column":4},"end":{"line":20,"column":5}},"type":"if","locations":[{"start":{"line":18,"column":4},"end":{"line":20,"column":5}},{"start":{"line":18,"column":4},"end":{"line":20,"column":5}}],"line":18},"2":{"loc":{"start":{"line":25,"column":4},"end":{"line":25,"column":46}},"type":"if","locations":[{"start":{"line":25,"column":4},"end":{"line":25,"column":46}},{"start":{"line":25,"column":4},"end":{"line":25,"column":46}}],"line":25}},"s":{"0":3,"1":5,"2":1,"3":3,"4":2,"5":2,"6":3,"7":6,"8":6,"9":3,"10":6,"11":4,"12":4,"13":8},"f":{"0":5,"1":3,"2":2,"3":6,"4":4,"5":8},"b":{"0":[1,4],"1":[2,0],"2":[3,3]},"_coverageSchema":"43e27e138ebf9cfc5966b082cf9a028302ed4184","hash":"14e45b88b0526711487c54b36d123e1879dd0340"}
,"/Users/wayneli/Desktop/quantas challenge/wayne-coding/src/ui/ErrorBoundary.js": {"path":"/Users/wayneli/Desktop/quantas challenge/wayne-coding/src/ui/ErrorBoundary.js","statementMap":{"0":{"start":{"line":5,"column":4},"end":{"line":5,"column":17}},"1":{"start":{"line":6,"column":4},"end":{"line":6,"column":37}},"2":{"start":{"line":10,"column":4},"end":{"line":10,"column":30}},"3":{"start":{"line":14,"column":4},"end":{"line":14,"column":40}},"4":{"start":{"line":18,"column":4},"end":{"line":22,"column":5}},"5":{"start":{"line":19,"column":6},"end":{"line":21,"column":8}},"6":{"start":{"line":24,"column":4},"end":{"line":24,"column":31}}},"fnMap":{"0":{"name":"(anonymous_0)","decl":{"start":{"line":4,"column":2},"end":{"line":4,"column":3}},"loc":{"start":{"line":4,"column":21},"end":{"line":7,"column":3}},"line":4},"1":{"name":"(anonymous_1)","decl":{"start":{"line":9,"column":2},"end":{"line":9,"column":3}},"loc":{"start":{"line":9,"column":41},"end":{"line":11,"column":3}},"line":9},"2":{"name":"(anonymous_2)","decl":{"start":{"line":13,"column":2},"end":{"line":13,"column":3}},"loc":{"start":{"line":13,"column":38},"end":{"line":15,"column":3}},"line":13},"3":{"name":"(anonymous_3)","decl":{"start":{"line":17,"column":2},"end":{"line":17,"column":3}},"loc":{"start":{"line":17,"column":11},"end":{"line":25,"column":3}},"line":17}},"branchMap":{"0":{"loc":{"start":{"line":18,"column":4},"end":{"line":22,"column":5}},"type":"if","locations":[{"start":{"line":18,"column":4},"end":{"line":22,"column":5}},{"start":{"line":18,"column":4},"end":{"line":22,"column":5}}],"line":18}},"s":{"0":1,"1":1,"2":1,"3":1,"4":2,"5":1,"6":1},"f":{"0":1,"1":1,"2":1,"3":2},"b":{"0":[1,1]},"_coverageSchema":"43e27e138ebf9cfc5966b082cf9a028302ed4184","hash":"7eb6318d35b45b22e0a80e1ab5353625b752af70"}
,"/Users/wayneli/Desktop/quantas challenge/wayne-coding/src/ui/ErrorContent.js": {"path":"/Users/wayneli/Desktop/quantas challenge/wayne-coding/src/ui/ErrorContent.js","statementMap":{"0":{"start":{"line":4,"column":23},"end":{"line":4,"column":28}},"1":{"start":{"line":5,"column":2},"end":{"line":10,"column":4}}},"fnMap":{"0":{"name":"ErrorContent","decl":{"start":{"line":3,"column":24},"end":{"line":3,"column":36}},"loc":{"start":{"line":3,"column":44},"end":{"line":11,"column":1}},"line":3}},"branchMap":{},"s":{"0":5,"1":5},"f":{"0":5},"b":{},"_coverageSchema":"43e27e138ebf9cfc5966b082cf9a028302ed4184","hash":"a4f409b975ec1c072ab6cc4ef66fb901716e0a8e"}
,"/Users/wayneli/Desktop/quantas challenge/wayne-coding/src/ui/MapComponent.js": {"path":"/Users/wayneli/Desktop/quantas challenge/wayne-coding/src/ui/MapComponent.js","statementMap":{"0":{"start":{"line":10,"column":21},"end":{"line":29,"column":2}},"1":{"start":{"line":21,"column":2},"end":{"line":28,"column":4}}},"fnMap":{"0":{"name":"(anonymous_0)","decl":{"start":{"line":20,"column":2},"end":{"line":20,"column":3}},"loc":{"start":{"line":20,"column":31},"end":{"line":29,"column":1}},"line":20}},"branchMap":{},"s":{"0":4,"1":0},"f":{"0":0},"b":{},"_coverageSchema":"43e27e138ebf9cfc5966b082cf9a028302ed4184","hash":"e905f3f5bb3edc0d498392a2129e571deae4be47"}
,"/Users/wayneli/Desktop/quantas challenge/wayne-coding/src/utils/getCurrency.js": {"path":"/Users/wayneli/Desktop/quantas challenge/wayne-coding/src/utils/getCurrency.js","statementMap":{"0":{"start":{"line":5,"column":4},"end":{"line":12,"column":5}},"1":{"start":{"line":6,"column":23},"end":{"line":6,"column":56}},"2":{"start":{"line":7,"column":8},"end":{"line":9,"column":9}},"3":{"start":{"line":11,"column":8},"end":{"line":11,"column":19}}},"fnMap":{"0":{"name":"getCurrency","decl":{"start":{"line":4,"column":24},"end":{"line":4,"column":35}},"loc":{"start":{"line":4,"column":49},"end":{"line":13,"column":1}},"line":4}},"branchMap":{"0":{"loc":{"start":{"line":5,"column":4},"end":{"line":12,"column":5}},"type":"if","locations":[{"start":{"line":5,"column":4},"end":{"line":12,"column":5}},{"start":{"line":5,"column":4},"end":{"line":12,"column":5}}],"line":5}},"s":{"0":3,"1":3,"2":3,"3":0},"f":{"0":3},"b":{"0":[3,0]},"_coverageSchema":"43e27e138ebf9cfc5966b082cf9a028302ed4184","hash":"4a003b7822fc18e8c548727480280a7885afff6d"}
,"/Users/wayneli/Desktop/quantas challenge/wayne-coding/src/utils/getLocation.js": {"path":"/Users/wayneli/Desktop/quantas challenge/wayne-coding/src/utils/getLocation.js","statementMap":{"0":{"start":{"line":8,"column":10},"end":{"line":8,"column":14}},"1":{"start":{"line":10,"column":2},"end":{"line":19,"column":3}},"2":{"start":{"line":12,"column":6},"end":{"line":12,"column":22}},"3":{"start":{"line":13,"column":6},"end":{"line":13,"column":12}},"4":{"start":{"line":15,"column":6},"end":{"line":15,"column":21}},"5":{"start":{"line":16,"column":6},"end":{"line":16,"column":12}},"6":{"start":{"line":18,"column":6},"end":{"line":18,"column":12}},"7":{"start":{"line":20,"column":2},"end":{"line":29,"column":3}},"8":{"start":{"line":22,"column":6},"end":{"line":22,"column":23}},"9":{"start":{"line":23,"column":6},"end":{"line":23,"column":12}},"10":{"start":{"line":25,"column":6},"end":{"line":25,"column":22}},"11":{"start":{"line":26,"column":6},"end":{"line":26,"column":12}},"12":{"start":{"line":28,"column":6},"end":{"line":28,"column":12}},"13":{"start":{"line":30,"column":2},"end":{"line":33,"column":4}}},"fnMap":{"0":{"name":"getLocation","decl":{"start":{"line":1,"column":24},"end":{"line":1,"column":35}},"loc":{"start":{"line":6,"column":2},"end":{"line":34,"column":1}},"line":6}},"branchMap":{"0":{"loc":{"start":{"line":10,"column":2},"end":{"line":19,"column":3}},"type":"switch","locations":[{"start":{"line":11,"column":4},"end":{"line":13,"column":12}},{"start":{"line":14,"column":4},"end":{"line":16,"column":12}},{"start":{"line":17,"column":4},"end":{"line":18,"column":12}}],"line":10},"1":{"loc":{"start":{"line":20,"column":2},"end":{"line":29,"column":3}},"type":"switch","locations":[{"start":{"line":21,"column":4},"end":{"line":23,"column":12}},{"start":{"line":24,"column":4},"end":{"line":26,"column":12}},{"start":{"line":27,"column":4},"end":{"line":28,"column":12}}],"line":20}},"s":{"0":3,"1":3,"2":2,"3":2,"4":1,"5":1,"6":0,"7":3,"8":2,"9":2,"10":1,"11":1,"12":0,"13":3},"f":{"0":3},"b":{"0":[2,1,0],"1":[2,1,0]},"_coverageSchema":"43e27e138ebf9cfc5966b082cf9a028302ed4184","hash":"da7e3d48d2014dc516e51b114615a8a58dadc517"}
,"/Users/wayneli/Desktop/quantas challenge/wayne-coding/src/utils/isEmpty.js": {"path":"/Users/wayneli/Desktop/quantas challenge/wayne-coding/src/utils/isEmpty.js","statementMap":{"0":{"start":{"line":2,"column":4},"end":{"line":5,"column":5}},"1":{"start":{"line":3,"column":8},"end":{"line":4,"column":25}},"2":{"start":{"line":4,"column":12},"end":{"line":4,"column":25}},"3":{"start":{"line":6,"column":4},"end":{"line":6,"column":16}}},"fnMap":{"0":{"name":"isEmpty","decl":{"start":{"line":1,"column":24},"end":{"line":1,"column":31}},"loc":{"start":{"line":1,"column":37},"end":{"line":7,"column":1}},"line":1}},"branchMap":{"0":{"loc":{"start":{"line":3,"column":8},"end":{"line":4,"column":25}},"type":"if","locations":[{"start":{"line":3,"column":8},"end":{"line":4,"column":25}},{"start":{"line":3,"column":8},"end":{"line":4,"column":25}}],"line":3}},"s":{"0":8,"1":5,"2":5,"3":3},"f":{"0":8},"b":{"0":[5,0]},"_coverageSchema":"43e27e138ebf9cfc5966b082cf9a028302ed4184","hash":"895ef2961809f9380b8dcfa781b71701ff5e75a1"}
,"/Users/wayneli/Desktop/quantas challenge/wayne-coding/src/utils/mockData.js": {"path":"/Users/wayneli/Desktop/quantas challenge/wayne-coding/src/utils/mockData.js","statementMap":{"0":{"start":{"line":1,"column":16},"end":{"line":31,"column":1}}},"fnMap":{},"branchMap":{},"s":{"0":8},"f":{},"b":{},"_coverageSchema":"43e27e138ebf9cfc5966b082cf9a028302ed4184","hash":"2899b0b1beeb55b5e6dfeaf275ac24e35f22b5a9"}
}
