TN:
SF:/Users/wayneli/Desktop/quantas challenge/wayne-coding/src/App.js
FN:9,App
FNF:1
FNH:1
FNDA:1,App
DA:10,1
LF:1
LH:1
BRF:0
BRH:0
end_of_record
TN:
SF:/Users/wayneli/Desktop/quantas challenge/wayne-coding/src/configureStore.js
FN:5,(anonymous_0)
FNF:1
FNH:1
FNDA:8,(anonymous_0)
DA:5,3
DA:6,8
DA:7,8
DA:12,8
LF:4
LH:4
BRDA:5,0,0,5
BRDA:6,1,0,8
BRDA:6,1,1,8
BRF:3
BRH:3
end_of_record
TN:
SF:/Users/wayneli/Desktop/quantas challenge/wayne-coding/src/index.js
FNF:0
FNH:0
DA:5,0
LF:1
LH:0
BRF:0
BRH:0
end_of_record
TN:
SF:/Users/wayneli/Desktop/quantas challenge/wayne-coding/src/actions/index.js
FN:8,(anonymous_0)
FN:8,(anonymous_1)
FN:37,(anonymous_2)
FNF:3
FNH:3
FNDA:4,(anonymous_0)
FNDA:4,(anonymous_1)
FNDA:2,(anonymous_2)
DA:8,4
DA:9,4
DA:10,4
DA:13,4
DA:17,3
DA:18,3
DA:23,0
DA:30,1
DA:37,3
DA:38,2
DA:39,1
DA:41,2
LF:12
LH:11
BRDA:17,0,0,3
BRDA:17,0,1,0
BRDA:38,1,0,1
BRDA:38,1,1,1
BRF:4
BRH:3
end_of_record
TN:
SF:/Users/wayneli/Desktop/quantas challenge/wayne-coding/src/actions/types.js
FNF:0
FNH:0
DA:2,8
DA:3,8
DA:4,8
DA:5,8
LF:4
LH:4
BRF:0
BRH:0
end_of_record
TN:
SF:/Users/wayneli/Desktop/quantas challenge/wayne-coding/src/pages/DetailsPage.js
FN:11,DetailsPage
FN:68,(anonymous_1)
FN:89,(anonymous_2)
FNF:3
FNH:3
FNDA:4,DetailsPage
FNDA:1,(anonymous_1)
FNDA:6,(anonymous_2)
DA:12,4
DA:13,2
DA:14,2
DA:15,2
DA:22,0
DA:25,0
DA:32,2
DA:38,2
DA:39,2
DA:40,2
DA:41,1
DA:47,1
DA:48,1
DA:51,2
DA:53,2
DA:69,1
DA:70,1
DA:78,2
DA:89,3
DA:90,6
LF:20
LH:18
BRDA:12,0,0,2
BRDA:12,0,1,2
BRDA:12,1,0,4
BRDA:12,1,1,2
BRDA:14,2,0,2
BRDA:14,2,1,0
BRDA:40,3,0,1
BRDA:40,3,1,1
BRDA:40,4,0,2
BRDA:40,4,1,1
BRDA:59,5,0,2
BRDA:59,5,1,2
BRDA:65,6,0,2
BRDA:65,6,1,1
BRDA:65,6,2,1
BRF:15
BRH:14
end_of_record
TN:
SF:/Users/wayneli/Desktop/quantas challenge/wayne-coding/src/pages/MasterPage.js
FN:19,(anonymous_0)
FN:28,(anonymous_1)
FN:38,(anonymous_2)
FN:50,(anonymous_3)
FN:55,(anonymous_4)
FN:58,(anonymous_5)
FN:72,(anonymous_6)
FN:92,(anonymous_7)
FN:109,(anonymous_8)
FN:119,(anonymous_9)
FNF:10
FNH:9
FNDA:5,(anonymous_0)
FNDA:14,(anonymous_1)
FNDA:1,(anonymous_2)
FNDA:1,(anonymous_3)
FNDA:18,(anonymous_4)
FNDA:5,(anonymous_5)
FNDA:19,(anonymous_6)
FNDA:0,(anonymous_7)
FNDA:4,(anonymous_8)
FNDA:12,(anonymous_9)
DA:13,5
DA:20,5
DA:21,5
DA:22,5
DA:24,0
DA:29,14
DA:30,14
DA:31,3
DA:32,3
DA:38,5
DA:39,1
DA:40,1
DA:44,1
DA:50,5
DA:51,1
DA:55,5
DA:56,18
DA:57,18
DA:58,18
DA:59,5
DA:73,19
DA:74,19
DA:75,19
DA:76,19
DA:77,19
DA:92,0
DA:110,4
DA:119,2
DA:120,12
LF:29
LH:27
BRDA:30,0,0,3
BRDA:30,0,1,11
BRDA:75,1,0,19
BRDA:75,1,1,0
BRDA:76,2,0,0
BRDA:76,2,1,19
BRDA:80,3,0,19
BRDA:80,3,1,4
BRDA:87,4,0,1
BRDA:87,4,1,18
BRF:10
BRH:8
end_of_record
TN:
SF:/Users/wayneli/Desktop/quantas challenge/wayne-coding/src/pages/index.js
FNF:0
FNH:0
LF:0
LH:0
BRF:0
BRH:0
end_of_record
TN:
SF:/Users/wayneli/Desktop/quantas challenge/wayne-coding/src/reducers/airports.js
FN:2,(anonymous_0)
FNF:1
FNH:1
FNDA:24,(anonymous_0)
DA:3,24
DA:5,4
DA:7,20
LF:3
LH:3
BRDA:2,0,0,14
BRDA:3,1,0,4
BRDA:3,1,1,20
BRF:3
BRH:3
end_of_record
TN:
SF:/Users/wayneli/Desktop/quantas challenge/wayne-coding/src/reducers/details.js
FN:2,(anonymous_0)
FNF:1
FNH:1
FNDA:24,(anonymous_0)
DA:3,24
DA:5,1
DA:7,23
LF:3
LH:3
BRDA:2,0,0,12
BRDA:3,1,0,1
BRDA:3,1,1,23
BRF:3
BRH:3
end_of_record
TN:
SF:/Users/wayneli/Desktop/quantas challenge/wayne-coding/src/reducers/errorStatus.js
FN:2,(anonymous_0)
FNF:1
FNH:1
FNDA:24,(anonymous_0)
DA:3,24
DA:5,2
DA:10,22
LF:3
LH:3
BRDA:2,0,0,14
BRDA:3,1,0,2
BRDA:3,1,1,22
BRF:3
BRH:3
end_of_record
TN:
SF:/Users/wayneli/Desktop/quantas challenge/wayne-coding/src/reducers/index.js
FNF:0
FNH:0
LF:0
LH:0
BRF:0
BRH:0
end_of_record
TN:
SF:/Users/wayneli/Desktop/quantas challenge/wayne-coding/src/reducers/loading.js
FN:6,(anonymous_0)
FNF:1
FNH:1
FNDA:26,(anonymous_0)
DA:7,26
DA:9,5
DA:12,6
DA:14,15
LF:4
LH:4
BRDA:6,0,0,14
BRDA:7,1,0,5
BRDA:7,1,1,4
BRDA:7,1,2,6
BRDA:7,1,3,15
BRF:5
BRH:5
end_of_record
TN:
SF:/Users/wayneli/Desktop/quantas challenge/wayne-coding/src/ui/AirportBrief.js
FN:5,AirportBrief
FN:13,(anonymous_1)
FNF:2
FNH:2
FNDA:8,AirportBrief
FNDA:1,(anonymous_1)
DA:6,8
DA:14,1
DA:15,1
LF:3
LH:3
BRF:0
BRH:0
end_of_record
TN:
SF:/Users/wayneli/Desktop/quantas challenge/wayne-coding/src/ui/DisplayTime.js
FN:9,(anonymous_0)
FN:14,(anonymous_1)
FN:17,(anonymous_2)
FN:23,(anonymous_3)
FN:26,(anonymous_4)
FN:36,(anonymous_5)
FNF:6
FNH:6
FNDA:5,(anonymous_0)
FNDA:3,(anonymous_1)
FNDA:2,(anonymous_2)
FNDA:6,(anonymous_3)
FNDA:4,(anonymous_4)
FNDA:8,(anonymous_5)
DA:6,3
DA:10,5
DA:11,1
DA:15,3
DA:18,2
DA:19,2
DA:23,3
DA:24,6
DA:25,6
DA:26,6
DA:27,4
DA:30,4
DA:37,8
LF:13
LH:13
BRDA:10,0,0,1
BRDA:10,0,1,4
BRDA:18,1,0,2
BRDA:18,1,1,0
BRDA:25,2,0,3
BRDA:25,2,1,3
BRF:6
BRH:5
end_of_record
TN:
SF:/Users/wayneli/Desktop/quantas challenge/wayne-coding/src/ui/ErrorBoundary.js
FN:4,(anonymous_0)
FN:9,(anonymous_1)
FN:13,(anonymous_2)
FN:17,(anonymous_3)
FNF:4
FNH:4
FNDA:1,(anonymous_0)
FNDA:1,(anonymous_1)
FNDA:1,(anonymous_2)
FNDA:2,(anonymous_3)
DA:5,1
DA:6,1
DA:10,1
DA:14,1
DA:18,2
DA:19,1
DA:24,1
LF:7
LH:7
BRDA:18,0,0,1
BRDA:18,0,1,1
BRF:2
BRH:2
end_of_record
TN:
SF:/Users/wayneli/Desktop/quantas challenge/wayne-coding/src/ui/ErrorContent.js
FN:3,ErrorContent
FNF:1
FNH:1
FNDA:5,ErrorContent
DA:4,5
DA:5,5
LF:2
LH:2
BRF:0
BRH:0
end_of_record
TN:
SF:/Users/wayneli/Desktop/quantas challenge/wayne-coding/src/ui/MapComponent.js
FN:20,(anonymous_0)
FNF:1
FNH:0
FNDA:0,(anonymous_0)
DA:10,4
DA:21,0
LF:2
LH:1
BRF:0
BRH:0
end_of_record
TN:
SF:/Users/wayneli/Desktop/quantas challenge/wayne-coding/src/utils/getCurrency.js
FN:4,getCurrency
FNF:1
FNH:1
FNDA:3,getCurrency
DA:5,3
DA:6,3
DA:7,3
DA:11,0
LF:4
LH:3
BRDA:5,0,0,3
BRDA:5,0,1,0
BRF:2
BRH:1
end_of_record
TN:
SF:/Users/wayneli/Desktop/quantas challenge/wayne-coding/src/utils/getLocation.js
FN:1,getLocation
FNF:1
FNH:1
FNDA:3,getLocation
DA:8,3
DA:10,3
DA:12,2
DA:13,2
DA:15,1
DA:16,1
DA:18,0
DA:20,3
DA:22,2
DA:23,2
DA:25,1
DA:26,1
DA:28,0
DA:30,3
LF:14
LH:12
BRDA:10,0,0,2
BRDA:10,0,1,1
BRDA:10,0,2,0
BRDA:20,1,0,2
BRDA:20,1,1,1
BRDA:20,1,2,0
BRF:6
BRH:4
end_of_record
TN:
SF:/Users/wayneli/Desktop/quantas challenge/wayne-coding/src/utils/isEmpty.js
FN:1,isEmpty
FNF:1
FNH:1
FNDA:8,isEmpty
DA:2,8
DA:3,5
DA:4,5
DA:6,3
LF:4
LH:4
BRDA:3,0,0,5
BRDA:3,0,1,0
BRF:2
BRH:1
end_of_record
TN:
SF:/Users/wayneli/Desktop/quantas challenge/wayne-coding/src/utils/mockData.js
FNF:0
FNH:0
DA:1,8
LF:1
LH:1
BRF:0
BRH:0
end_of_record
